2025-11-02 10:15:10,248 | INFO | Logging to Result_1/scheduler_run.log
2025-11-02 10:15:10,248 | INFO | ===== SCHEDULER RUN 20251102_101510 =====
2025-11-02 10:15:10,248 | INFO | Args.case=/tmp/tmp_3vq52ka.json
2025-11-02 10:15:10,249 | INFO | Loaded case with 31 days, 308 shifts, 19 providers
2025-11-02 10:15:10,249 | INFO | Run config: out=Result_1 k=2 seed=4 time=1 L=1
2025-11-02 10:15:10,250 | INFO | Wrote: Result_1/constants_effective.log
2025-11-02 10:15:10,251 | INFO | Wrote capacity snapshot: Result_1/eligibility_capacity.json
2025-11-02 10:15:10,251 | INFO | Instance: |days|=31 |shifts|=308 |providers|=19 |types|=10
2025-11-02 10:15:10,251 | INFO | Weekend names: ['Saturday', 'Sunday']
2025-11-02 10:15:10,251 | INFO | Weekend indices: [3, 4, 10, 11, 17, 18, 24, 25]
2025-11-02 10:15:10,251 | INFO | Shift[0] keys: ['id', 'date', 'type', 'start', 'end', 'allowed_provider_types']
2025-11-02 10:15:10,252 | INFO | Provider[0] keys: ['id', 'name', 'type', 'weekday_pref', 'type_pref', 'requested_off_soft', 'preferred_days_soft', 'forbidden_days_hard', 'limits', 'preferred_days_hard', 'max_consecutive_days', 'forbidden_days_soft']
2025-11-02 10:15:10,252 | INFO | Provider types: ['MD', 'MD2']
2025-11-02 10:15:10,344 | INFO | max_consecutive_days per provider (0 means no cap): [12, 6, 31, 9, 5, 10, 31, 31, 8, 31, 31, 6, 31, 7, 31, 20, 31, 8, 2]
2025-11-02 10:15:11,365 | INFO | 0
2025-11-02 10:15:11,371 | INFO | 1
2025-11-02 10:15:11,377 | INFO | 2
2025-11-02 10:15:11,382 | INFO | 3
2025-11-02 10:15:11,387 | INFO | 4
2025-11-02 10:15:11,392 | INFO | 5
2025-11-02 10:15:11,397 | INFO | 6
2025-11-02 10:15:11,402 | INFO | 7
2025-11-02 10:15:11,408 | INFO | 8
2025-11-02 10:15:11,413 | INFO | 9
2025-11-02 10:15:11,418 | INFO | 10
2025-11-02 10:15:11,423 | INFO | 11
2025-11-02 10:15:11,428 | INFO | 12
2025-11-02 10:15:11,434 | INFO | 13
2025-11-02 10:15:11,439 | INFO | 14
2025-11-02 10:15:11,444 | INFO | 15
2025-11-02 10:15:11,449 | INFO | 16
2025-11-02 10:15:11,454 | INFO | 17
2025-11-02 10:15:11,460 | INFO | 18
2025-11-02 10:15:11,484 | INFO | Phase-1 solve: time=30.0s workers=8 (case_size=308)
2025-11-02 10:15:11,571 | INFO | [phase1] 
2025-11-02 10:15:11,571 | INFO | [phase1] Starting CP-SAT solver v9.8.3296
2025-11-02 10:15:11,571 | INFO | [phase1] Parameters: max_time_in_seconds: 30 log_search_progress: true num_search_workers: 8 log_to_stdout: false
2025-11-02 10:15:11,578 | INFO | [phase1] 
2025-11-02 10:15:11,589 | INFO | [phase1] Initial optimization model '': (model_fingerprint: 0x71a397028785a4e4)
#Variables: 9'877 (#ints: 1 in objective)
  - 7'348 Booleans in [0,1]
  - 19 in [-31,31]
  - 1'216 in [0,31]
  - 19 in [0,308]
  - 589 in [0,961]
  - 76 in [0,1000]
  - 608 in [0,29791]
  - 1 in [0,1000000000000000000]
  - 1 constants in {0} 
#kAtMostOne: 45'334 (#literals: 90'668)
#kIntProd: 1'178
#kLinMax: 38 (#expressions: 627)
#kLinear1: 4'094 (#enforced: 1'767 #multi: 570)
#kLinear2: 8'228 (#enforced: 1'159 #multi: 570)
#kLinear3: 571
#kLinearN: 976 (#terms: 26'986)
2025-11-02 10:15:11,589 | INFO | [phase1] 
2025-11-02 10:15:11,589 | INFO | [phase1] Starting presolve at 0.02s
2025-11-02 10:15:11,761 | INFO | [phase1]   7.13e-03s  0.00e+00d  [DetectDominanceRelations]
2025-11-02 10:15:11,762 | INFO | [phase1]   1.15e-01s  0.00e+00d  [PresolveToFixPoint] #num_loops=3 #num_dual_strengthening=2
2025-11-02 10:15:11,764 | INFO | [phase1]   1.47e-03s  0.00e+00d  [ExtractEncodingFromLinear] #potential_supersets=16'288
2025-11-02 10:15:11,780 | INFO | [phase1] [SAT presolve] num removable Booleans: 0 / 5020
2025-11-02 10:15:11,780 | INFO | [phase1] [SAT presolve] num trivial clauses: 0
2025-11-02 10:15:11,780 | INFO | [phase1] [SAT presolve] [0s] clauses:5867 literals:15515 vars:4712 one_side_vars:2 simple_definition:4106 singleton_clauses:0
2025-11-02 10:15:11,781 | INFO | [phase1] [SAT presolve] [0.000996074s] clauses:5867 literals:15515 vars:4712 one_side_vars:2 simple_definition:4106 singleton_clauses:0
2025-11-02 10:15:11,782 | INFO | [phase1] [SAT presolve] [0.00270147s] clauses:5867 literals:15515 vars:4712 one_side_vars:2 simple_definition:4106 singleton_clauses:0
2025-11-02 10:15:11,912 | INFO | [phase1]   1.22e-01s  2.85e-02d  [Probe] #probed=13'584 #new_bounds=627 #new_binary_clauses=1'739
2025-11-02 10:15:11,937 | INFO | [phase1]   2.46e-02s  0.00e+00d  [MaxClique] Merged 20681(41362 literals) into 3641(19252 literals) at_most_ones.
2025-11-02 10:15:11,968 | INFO | [phase1]   7.74e-03s  0.00e+00d  [DetectDominanceRelations]
2025-11-02 10:15:11,969 | INFO | [phase1]   3.01e-02s  0.00e+00d  [PresolveToFixPoint] #num_loops=2 #num_dual_strengthening=1
2025-11-02 10:15:11,977 | INFO | [phase1]   7.81e-03s  0.00e+00d  [DetectDuplicateConstraints]
2025-11-02 10:15:11,978 | INFO | [phase1]   6.49e-04s  0.00e+00d  [DetectDifferentVariables]
2025-11-02 10:15:11,979 | INFO | [phase1]   8.26e-04s  1.89e-05d  [DetectDominatedLinearConstraints] #relevant_constraints=58
2025-11-02 10:15:11,989 | INFO | [phase1]   1.00e-02s  5.42e-04d  [ProcessSetPPC] #relevant_constraints=5'200 #num_inclusions=4'798
2025-11-02 10:15:11,990 | INFO | [phase1]   6.81e-04s  0.00e+00d  [FindAlmostIdenticalLinearConstraints]
2025-11-02 10:15:11,992 | INFO | [phase1]   1.79e-03s  5.15e-04d  [FindBigHorizontalLinearOverlap] #blocks=9 #saved_nz=1'545 #linears=47
2025-11-02 10:15:11,994 | INFO | [phase1]   1.65e-03s  3.88e-03d  [FindBigVerticalLinearOverlap]
2025-11-02 10:15:11,996 | INFO | [phase1]   1.74e-03s  1.06e-05d  [MergeClauses]
2025-11-02 10:15:12,023 | INFO | [phase1]   7.94e-03s  0.00e+00d  [DetectDominanceRelations]
2025-11-02 10:15:12,024 | INFO | [phase1]   2.62e-02s  0.00e+00d  [PresolveToFixPoint] #num_loops=2 #num_dual_strengthening=1
2025-11-02 10:15:12,049 | INFO | [phase1]   8.09e-03s  0.00e+00d  [DetectDominanceRelations]
2025-11-02 10:15:12,051 | INFO | [phase1]   2.67e-02s  0.00e+00d  [PresolveToFixPoint] #num_loops=1 #num_dual_strengthening=1
2025-11-02 10:15:12,066 | INFO | [phase1] [SAT presolve] num removable Booleans: 38 / 4783
2025-11-02 10:15:12,066 | INFO | [phase1] [SAT presolve] num trivial clauses: 0
2025-11-02 10:15:12,066 | INFO | [phase1] [SAT presolve] [0s] clauses:1902 literals:4675 vars:1483 one_side_vars:248 simple_definition:589 singleton_clauses:0
2025-11-02 10:15:12,067 | INFO | [phase1] [SAT presolve] [0.000569473s] clauses:1902 literals:4637 vars:1483 one_side_vars:248 simple_definition:593 singleton_clauses:0
2025-11-02 10:15:12,067 | INFO | [phase1] [SAT presolve] [0.000999571s] clauses:1807 literals:4447 vars:1445 one_side_vars:248 simple_definition:589 singleton_clauses:0
2025-11-02 10:15:12,171 | INFO | [phase1]   1.03e-01s  2.54e-02d  [Probe] #probed=13'660 #new_bounds=1'662 #equiv=38 #new_binary_clauses=1'729
2025-11-02 10:15:12,182 | INFO | [phase1]   1.08e-02s  0.00e+00d  [MaxClique] Merged 2885(14360 literals) into 2866(14902 literals) at_most_ones.
2025-11-02 10:15:12,219 | INFO | [phase1]   7.87e-03s  0.00e+00d  [DetectDominanceRelations]
2025-11-02 10:15:12,220 | INFO | [phase1]   3.52e-02s  0.00e+00d  [PresolveToFixPoint] #num_loops=3 #num_dual_strengthening=2
2025-11-02 10:15:12,228 | INFO | [phase1]   7.98e-03s  0.00e+00d  [DetectDuplicateConstraints]
2025-11-02 10:15:12,229 | INFO | [phase1]   7.77e-04s  0.00e+00d  [DetectDifferentVariables]
2025-11-02 10:15:12,230 | INFO | [phase1]   1.06e-03s  1.26e-05d  [DetectDominatedLinearConstraints] #relevant_constraints=67
2025-11-02 10:15:12,237 | INFO | [phase1]   6.62e-03s  3.77e-04d  [ProcessSetPPC] #relevant_constraints=3'989 #num_inclusions=2'542
2025-11-02 10:15:12,238 | INFO | [phase1]   6.86e-04s  0.00e+00d  [FindAlmostIdenticalLinearConstraints]
2025-11-02 10:15:12,239 | INFO | [phase1]   8.83e-04s  6.80e-04d  [FindBigHorizontalLinearOverlap] #linears=38
2025-11-02 10:15:12,241 | INFO | [phase1]   1.65e-03s  3.88e-03d  [FindBigVerticalLinearOverlap]
2025-11-02 10:15:12,243 | INFO | [phase1]   1.58e-03s  9.79e-06d  [MergeClauses]
2025-11-02 10:15:12,273 | INFO | [phase1]   8.59e-03s  0.00e+00d  [DetectDominanceRelations]
2025-11-02 10:15:12,274 | INFO | [phase1]   2.97e-02s  0.00e+00d  [PresolveToFixPoint] #num_loops=3 #num_dual_strengthening=2
2025-11-02 10:15:12,298 | INFO | [phase1]   8.10e-03s  0.00e+00d  [DetectDominanceRelations]
2025-11-02 10:15:12,299 | INFO | [phase1]   2.52e-02s  0.00e+00d  [PresolveToFixPoint] #num_loops=1 #num_dual_strengthening=1
2025-11-02 10:15:12,304 | INFO | [phase1] [SAT presolve] num removable Booleans: 0 / 4707
2025-11-02 10:15:12,304 | INFO | [phase1] [SAT presolve] num trivial clauses: 0
2025-11-02 10:15:12,304 | INFO | [phase1] [SAT presolve] [0s] clauses:1712 literals:4238 vars:1407 one_side_vars:248 simple_definition:608 singleton_clauses:0
2025-11-02 10:15:12,304 | INFO | [phase1] [SAT presolve] [0.000484869s] clauses:1712 literals:4238 vars:1407 one_side_vars:248 simple_definition:608 singleton_clauses:0
2025-11-02 10:15:12,305 | INFO | [phase1] [SAT presolve] [0.000816022s] clauses:1712 literals:4238 vars:1407 one_side_vars:248 simple_definition:608 singleton_clauses:0
2025-11-02 10:15:12,404 | INFO | [phase1]   9.77e-02s  2.38e-02d  [Probe] #probed=13'660 #new_binary_clauses=1'710
2025-11-02 10:15:12,415 | INFO | [phase1]   1.10e-02s  0.00e+00d  [MaxClique] Merged 2804(14193 literals) into 2804(14763 literals) at_most_ones.
2025-11-02 10:15:12,443 | INFO | [phase1]   8.45e-03s  0.00e+00d  [DetectDominanceRelations]
2025-11-02 10:15:12,444 | INFO | [phase1]   2.61e-02s  0.00e+00d  [PresolveToFixPoint] #num_loops=1 #num_dual_strengthening=1
2025-11-02 10:15:12,453 | INFO | [phase1]   8.78e-03s  0.00e+00d  [DetectDuplicateConstraints]
2025-11-02 10:15:12,454 | INFO | [phase1]   1.00e-03s  0.00e+00d  [DetectDifferentVariables]
2025-11-02 10:15:12,455 | INFO | [phase1]   1.30e-03s  1.26e-05d  [DetectDominatedLinearConstraints] #relevant_constraints=67
2025-11-02 10:15:12,462 | INFO | [phase1]   6.87e-03s  3.77e-04d  [ProcessSetPPC] #relevant_constraints=3'984 #num_inclusions=2'537
2025-11-02 10:15:12,464 | INFO | [phase1]   8.64e-04s  0.00e+00d  [FindAlmostIdenticalLinearConstraints]
2025-11-02 10:15:12,465 | INFO | [phase1]   1.06e-03s  6.80e-04d  [FindBigHorizontalLinearOverlap] #linears=38
2025-11-02 10:15:12,467 | INFO | [phase1]   1.73e-03s  3.88e-03d  [FindBigVerticalLinearOverlap]
2025-11-02 10:15:12,469 | INFO | [phase1]   1.72e-03s  9.79e-06d  [MergeClauses]
2025-11-02 10:15:12,495 | INFO | [phase1]   8.57e-03s  0.00e+00d  [DetectDominanceRelations]
2025-11-02 10:15:12,496 | INFO | [phase1]   2.61e-02s  0.00e+00d  [PresolveToFixPoint] #num_loops=1 #num_dual_strengthening=1
2025-11-02 10:15:12,502 | INFO | [phase1]   4.37e-03s  0.00e+00d  [ExpandObjective] #entries=27'630 #tight_variables=4'144 #tight_constraints=598 #expands=434
2025-11-02 10:15:12,512 | INFO | [phase1] 
2025-11-02 10:15:12,512 | INFO | [phase1] Presolve summary:
2025-11-02 10:15:12,512 | INFO | [phase1]   - 81 affine relations were detected.
2025-11-02 10:15:12,512 | INFO | [phase1]   - rule 'TODO dual: only one blocking constraint?' was applied 13'641 times.
2025-11-02 10:15:12,512 | INFO | [phase1]   - rule 'TODO dual: only one unspecified blocking constraint?' was applied 360 times.
2025-11-02 10:15:12,512 | INFO | [phase1]   - rule 'TODO linear2: contains a Boolean.' was applied 9'402 times.
2025-11-02 10:15:12,512 | INFO | [phase1]   - rule 'affine: new relation' was applied 81 times.
2025-11-02 10:15:12,512 | INFO | [phase1]   - rule 'at_most_one: empty or all false' was applied 6'495 times.
2025-11-02 10:15:12,512 | INFO | [phase1]   - rule 'at_most_one: removed literals' was applied 29'354 times.
2025-11-02 10:15:12,512 | INFO | [phase1]   - rule 'at_most_one: size one' was applied 22'859 times.
2025-11-02 10:15:12,512 | INFO | [phase1]   - rule 'at_most_one: transformed into max clique.' was applied 2 times.
2025-11-02 10:15:12,512 | INFO | [phase1]   - rule 'bool_and: fixed literals' was applied 19 times.
2025-11-02 10:15:12,512 | INFO | [phase1]   - rule 'bool_and: removed duplicate literal' was applied 19 times.
2025-11-02 10:15:12,512 | INFO | [phase1]   - rule 'bool_or: always true' was applied 19 times.
2025-11-02 10:15:12,512 | INFO | [phase1]   - rule 'bool_or: implications' was applied 4'720 times.
2025-11-02 10:15:12,512 | INFO | [phase1]   - rule 'bool_or: removed enforcement literal' was applied 38 times.
2025-11-02 10:15:12,513 | INFO | [phase1]   - rule 'deductions: 1748 stored' was applied 1 time.
2025-11-02 10:15:12,513 | INFO | [phase1]   - rule 'dual: fix variable' was applied 8 times.
2025-11-02 10:15:12,513 | INFO | [phase1]   - rule 'dual: reduced domain' was applied 48 times.
2025-11-02 10:15:12,513 | INFO | [phase1]   - rule 'exactly_one: removed literals' was applied 313 times.
2025-11-02 10:15:12,513 | INFO | [phase1]   - rule 'exactly_one: singleton' was applied 313 times.
2025-11-02 10:15:12,513 | INFO | [phase1]   - rule 'int_prod: all Boolean.' was applied 38 times.
2025-11-02 10:15:12,513 | INFO | [phase1]   - rule 'int_square: reduced target domain.' was applied 589 times.
2025-11-02 10:15:12,513 | INFO | [phase1]   - rule 'lin_max: converted to equality' was applied 8 times.
2025-11-02 10:15:12,513 | INFO | [phase1]   - rule 'lin_max: removed exprs' was applied 8 times.
2025-11-02 10:15:12,513 | INFO | [phase1]   - rule 'lin_max: target domain reduced' was applied 19 times.
2025-11-02 10:15:12,513 | INFO | [phase1]   - rule 'lin_max: unused affine target' was applied 8 times.
2025-11-02 10:15:12,513 | INFO | [phase1]   - rule 'linear matrix: common horizontal rectangle' was applied 9 times.
2025-11-02 10:15:12,513 | INFO | [phase1]   - rule 'linear: always true' was applied 2'330 times.
2025-11-02 10:15:12,513 | INFO | [phase1]   - rule 'linear: empty' was applied 2'327 times.
2025-11-02 10:15:12,513 | INFO | [phase1]   - rule 'linear: enforcement literal in expression' was applied 19 times.
2025-11-02 10:15:12,513 | INFO | [phase1]   - rule 'linear: fixed or dup variables' was applied 5'591 times.
2025-11-02 10:15:12,513 | INFO | [phase1]   - rule 'linear: negative clause' was applied 4'701 times.
2025-11-02 10:15:12,513 | INFO | [phase1]   - rule 'linear: positive clause' was applied 1'166 times.
2025-11-02 10:15:12,513 | INFO | [phase1]   - rule 'linear: positive equal one' was applied 308 times.
2025-11-02 10:15:12,513 | INFO | [phase1]   - rule 'linear: reduced variable domains' was applied 2'346 times.
2025-11-02 10:15:12,513 | INFO | [phase1]   - rule 'linear: reduced variable domains in derived constraint' was applied 9 times.
2025-11-02 10:15:12,513 | INFO | [phase1]   - rule 'linear: remapped using affine relations' was applied 81 times.
2025-11-02 10:15:12,513 | INFO | [phase1]   - rule 'linear: simplified rhs' was applied 5'983 times.
2025-11-02 10:15:12,513 | INFO | [phase1]   - rule 'linear: singleton column' was applied 19 times.
2025-11-02 10:15:12,513 | INFO | [phase1]   - rule 'linear: small Boolean expression' was applied 19 times.
2025-11-02 10:15:12,513 | INFO | [phase1]   - rule 'linear: variable substitution 0' was applied 1 time.
2025-11-02 10:15:12,514 | INFO | [phase1]   - rule 'linear: variable substitution 1' was applied 17 times.
2025-11-02 10:15:12,514 | INFO | [phase1]   - rule 'objective: expanded via tight equality' was applied 434 times.
2025-11-02 10:15:12,514 | INFO | [phase1]   - rule 'presolve: 2401 unused variables removed.' was applied 1 time.
2025-11-02 10:15:12,514 | INFO | [phase1]   - rule 'presolve: iteration' was applied 3 times.
2025-11-02 10:15:12,514 | INFO | [phase1]   - rule 'probing: bool_or reduced to implication' was applied 19 times.
2025-11-02 10:15:12,514 | INFO | [phase1]   - rule 'setppc: bool_or in at_most_one.' was applied 594 times.
2025-11-02 10:15:12,514 | INFO | [phase1]   - rule 'setppc: removed dominated constraints' was applied 556 times.
2025-11-02 10:15:12,514 | INFO | [phase1]   - rule 'variables: detect half reified value encoding' was applied 1'197 times.
2025-11-02 10:15:12,516 | INFO | [phase1] 
2025-11-02 10:15:12,518 | INFO | [phase1] Presolved optimization model '': (model_fingerprint: 0x2ab5e50606aa56c)
#Variables: 7'046 (#bools: 436 #ints: 39 in objective)
  - 4'707 Booleans in [0,1]
  - 102 different domains in [-20,29791] with a largest complexity of 31.
#kAtMostOne: 1'664 (#literals: 11'913)
#kBoolAnd: 1'140 (#enforced: 1'140) (#literals: 2'280)
#kBoolOr: 572 (#literals: 1'958)
#kExactlyOne: 589 (#literals: 4'135)
#kIntProd: 1'140
#kLinMax: 22 (#expressions: 363)
#kLinear1: 1'729 (#enforced: 1'729 #multi: 589)
#kLinear2: 1'150 (#enforced: 1'121 #multi: 551)
#kLinearN: 38 (#terms: 4'154)
2025-11-02 10:15:12,523 | INFO | [phase1] 
2025-11-02 10:15:12,523 | INFO | [phase1] Preloading model.
2025-11-02 10:15:12,523 | INFO | [phase1] #Bound   0.95s best:inf   next:[-2420,8498] initial_domain
2025-11-02 10:15:12,538 | INFO | [phase1] #Model   0.97s var:7046/7046 constraints:8044/8044
2025-11-02 10:15:12,538 | INFO | [phase1] 
2025-11-02 10:15:12,539 | INFO | [phase1] Starting search at 0.97s with 8 workers.
2025-11-02 10:15:12,539 | INFO | [phase1] 6 full problem subsolvers: [core, default_lp, max_lp, no_lp, quick_restart, reduced_costs]
2025-11-02 10:15:12,539 | INFO | [phase1] 1 first solution subsolver: [fj_short_default]
2025-11-02 10:15:12,539 | INFO | [phase1] 9 incomplete subsolvers: [feasibility_pump, graph_arc_lns, graph_cst_lns, graph_dec_lns, graph_var_lns, rins/rens, rnd_cst_lns, rnd_var_lns, violation_ls]
2025-11-02 10:15:12,539 | INFO | [phase1] 3 helper subsolvers: [neighborhood_helper, synchronization_agent, update_gap_integral]
2025-11-02 10:15:12,699 | INFO | [phase1] #1       1.13s best:5454  next:[-2420,5453] fj_short_default(batch:1 #lin_moves:0 #lin_evals:17'297 #gen_moves:2'857 #gen_evals:3'331 #comp_moves:1'477 #backtracks:690 #weight_updates:8)
2025-11-02 10:15:12,841 | INFO | [phase1] #2       1.27s best:5434  next:[-2420,5433] violation_ls(batch:1 #solutions_imported:1 #lin_moves:0 #lin_evals:10 #gen_moves:7 #gen_evals:4 #comp_moves:7 #backtracks:0 #weight_updates:0)
2025-11-02 10:15:13,231 | INFO | [phase1] #3       1.66s best:5230  next:[-2420,5229] rnd_var_lns (d=0.50 s=9 t=0.10 p=0.00 stall=0 h=auto_l0)
2025-11-02 10:15:13,285 | INFO | [phase1] #Bound   1.72s best:5230  next:[-2393,5229] default_lp
2025-11-02 10:15:13,339 | INFO | [phase1] #Bound   1.77s best:5230  next:[-2328,5229] default_lp
2025-11-02 10:15:13,377 | INFO | [phase1] #4       1.81s best:5153  next:[-2328,5152] rnd_cst_lns (d=0.50 s=10 t=0.10 p=0.00 stall=0 h=auto_l0)
2025-11-02 10:15:13,394 | INFO | [phase1] #Bound   1.83s best:5153  next:[-2233,5152] default_lp
2025-11-02 10:15:13,449 | INFO | [phase1] #Bound   1.88s best:5153  next:[-1872,5152] default_lp
2025-11-02 10:15:13,594 | INFO | [phase1] #Bound   2.02s best:5153  next:[-1093,5152] default_lp
2025-11-02 10:15:13,762 | INFO | [phase1] #Bound   2.19s best:5153  next:[-418,5152] default_lp
2025-11-02 10:15:13,961 | INFO | [phase1] #5       2.39s best:5052  next:[-418,5051] graph_cst_lns (d=0.50 s=13 t=0.10 p=0.00 stall=0 h=auto_l0)
2025-11-02 10:15:14,326 | INFO | [phase1] #6       2.76s best:1705  next:[-418,1704] core (fixed_bools=0/6458)
2025-11-02 10:15:14,486 | INFO | [phase1] #Bound   2.92s best:1705  next:[-83,1704] max_lp (initial_propagation)
2025-11-02 10:15:15,736 | INFO | [phase1] #7       4.17s best:794   next:[-83,793]  no_lp (fixed_bools=0/6445)
2025-11-02 10:15:15,864 | INFO | [phase1] #8       4.29s best:775   next:[-83,774]  no_lp (fixed_bools=0/6451)
2025-11-02 10:15:15,977 | INFO | [phase1] #9       4.41s best:747   next:[-83,746]  no_lp (fixed_bools=0/6458)
2025-11-02 10:15:16,076 | INFO | [phase1] #10      4.51s best:725   next:[-83,724]  no_lp (fixed_bools=0/6459)
2025-11-02 10:15:16,131 | INFO | [phase1] #11      4.56s best:648   next:[-83,647]  no_lp (fixed_bools=0/6462)
2025-11-02 10:15:16,174 | INFO | [phase1] #12      4.60s best:627   next:[-83,626]  no_lp (fixed_bools=0/6462)
2025-11-02 10:15:17,394 | INFO | [phase1] #13      5.82s best:625   next:[-83,624]  rins_pump_lns (d=0.29 s=17 t=0.10 p=0.00 stall=0 h=auto_l0)
2025-11-02 10:15:17,477 | INFO | [phase1] #14      5.91s best:605   next:[-83,604]  violation_ls(batch:2 #solutions_imported:2 #lin_moves:0 #lin_evals:3'145 #gen_moves:624 #gen_evals:378 #comp_moves:14 #backtracks:305 #weight_updates:0)
2025-11-02 10:15:19,204 | INFO | [phase1] #15      7.64s best:585   next:[-83,584]  graph_arc_lns (d=0.29 s=22 t=0.10 p=0.00 stall=0 h=auto_l0)
2025-11-02 10:15:19,239 | INFO | [phase1] #Bound   7.67s best:585   next:[-60,584]  quick_restart
2025-11-02 10:15:20,398 | INFO | [phase1] #Bound   8.83s best:585   next:[20,584]   max_lp
2025-11-02 10:15:20,790 | INFO | [phase1] #16      9.20s best:565   next:[20,564]   graph_dec_lns (d=0.71 s=24 t=0.10 p=1.00 stall=0 h=auto_l0)
2025-11-02 10:15:21,059 | INFO | [phase1] #17      9.49s best:113   next:[20,112]   rens_pump_lns (d=0.46 s=26 t=0.10 p=0.50 stall=0 h=auto_l0)
2025-11-02 10:15:21,073 | INFO | [phase1] #18      9.50s best:93    next:[20,92]    violation_ls(batch:3 #solutions_imported:3 #lin_moves:0 #lin_evals:3'385 #gen_moves:665 #gen_evals:397 #comp_moves:17 #backtracks:324 #weight_updates:0)
2025-11-02 10:15:23,339 | INFO | [phase1] #19     11.77s best:74    next:[20,73]    rnd_var_lns (d=0.81 s=28 t=0.10 p=1.00 stall=1 h=auto_l0)
2025-11-02 10:15:24,450 | INFO | [phase1] #20     12.88s best:73    next:[20,72]    rnd_cst_lns (d=0.81 s=29 t=0.10 p=1.00 stall=1 h=auto_l0)
2025-11-02 10:15:27,033 | INFO | [phase1] #21     15.46s best:72    next:[20,71]    violation_ls(batch:4 #solutions_imported:4 #lin_moves:34 #lin_evals:4'269 #gen_moves:678 #gen_evals:439 #comp_moves:17 #backtracks:324 #weight_updates:38)
2025-11-02 10:15:30,126 | INFO | [phase1] #22     18.56s best:53    next:[20,52]    rens_pump_lns (d=0.75 s=44 t=0.10 p=0.75 stall=1 h=auto_l0)
2025-11-02 10:15:34,861 | INFO | [phase1] #23     23.29s best:52    next:[20,51]    graph_dec_lns (d=0.81 s=51 t=0.10 p=0.75 stall=2 h=auto_l0)
2025-11-02 10:15:41,495 | INFO | [phase1] #24     29.93s best:32    next:[20,31]    rins_pump_lns (d=0.76 s=62 t=0.10 p=0.67 stall=1 h=auto_l0)
2025-11-02 10:15:41,625 | INFO | [phase1] 
2025-11-02 10:15:41,626 | INFO | [phase1] Task timing                   n [     min,      max]      avg      dev     time         n [     min,      max]      avg      dev    dtime
              'core':         1 [  29.01s,   29.01s]   29.01s   0.00ns   29.01s         1 [   3.47s,    3.47s]    3.47s   0.00ns    3.47s
        'default_lp':         1 [  29.00s,   29.00s]   29.00s   0.00ns   29.00s         1 [436.93ms, 436.93ms] 436.93ms   0.00ns 436.93ms
  'feasibility_pump':         7 [469.25us,    2.95s]    1.45s    1.06s   10.13s         5 [143.65ms, 221.93ms] 167.34ms  28.59ms 836.68ms
  'fj_short_default':         1 [138.25ms, 138.25ms] 138.25ms   0.00ns 138.25ms         1 [  5.24ms,   5.24ms]   5.24ms   0.00ns   5.24ms
     'graph_arc_lns':         6 [232.62ms,    1.40s] 778.00ms 510.43ms    4.67s         6 [106.26us, 100.03ms]  50.16ms  49.86ms 300.94ms
     'graph_cst_lns':         6 [297.73ms,    1.36s] 702.11ms 425.23ms    4.21s         6 [232.49us, 100.02ms]  50.18ms  49.83ms 301.07ms
     'graph_dec_lns':         6 [193.42ms,    2.57s]    1.19s 759.02ms    7.16s         6 [688.09us, 100.02ms]  39.04ms  43.85ms 234.24ms
     'graph_var_lns':         6 [271.39ms,    1.64s] 949.60ms 558.46ms    5.70s         6 [214.22us, 100.03ms]  54.93ms  45.52ms 329.58ms
            'max_lp':         1 [  28.85s,   28.85s]   28.85s   0.00ns   28.85s         1 [315.25ms, 315.25ms] 315.25ms   0.00ns 315.25ms
             'no_lp':         1 [  29.03s,   29.03s]   29.03s   0.00ns   29.03s         1 [   4.46s,    4.46s]    4.46s   0.00ns    4.46s
     'quick_restart':         1 [  28.99s,   28.99s]   28.99s   0.00ns   28.99s         1 [830.41ms, 830.41ms] 830.41ms   0.00ns 830.41ms
     'reduced_costs':         1 [  29.02s,   29.02s]   29.02s   0.00ns   29.02s         1 [633.74ms, 633.74ms] 633.74ms   0.00ns 633.74ms
         'rins/rens':         7 [237.33ms,    3.14s]    1.40s    1.10s    9.83s         7 [  3.63us, 100.06ms]  44.40ms  48.29ms 310.82ms
       'rnd_cst_lns':         6 [512.21ms,    1.94s]    1.17s 484.68ms    7.02s         6 [756.50us, 100.01ms]  47.67ms  41.50ms 285.99ms
       'rnd_var_lns':         7 [392.88ms,    2.29s]    1.08s 637.19ms    7.54s         7 [ 92.12us, 100.03ms]  42.07ms  44.16ms 294.48ms
      'violation_ls':         7 [  8.13ms, 401.15ms] 136.29ms 156.07ms 954.00ms         7 [ 10.16us,  19.84ms]   8.02ms   8.56ms  56.11ms
2025-11-02 10:15:41,626 | INFO | [phase1] Search stats        Bools  Conflicts  Branches  Restarts  BoolPropag  IntegerPropag
           'core':  8'228     26'465   103'300    12'904  22'755'715      9'011'272
     'default_lp':  6'417          0    13'237    12'838     115'954        159'349
         'max_lp':  6'417          0    12'834    12'834     114'800        165'795
          'no_lp':  6'464    123'371   239'151    12'854  12'295'593     20'065'891
  'quick_restart':  6'417         12    13'068    12'838     124'558        173'838
  'reduced_costs':  6'417         10    15'813    12'836     120'784        180'155
2025-11-02 10:15:41,626 | INFO | [phase1] Lp stats            Component  Iterations  AddedCuts  OPTIMAL  DUAL_F.  DUAL_U.
     'default_lp':          1       4'974        367      268        1        0
         'max_lp':          1       3'507      3'735        5        1        0
  'quick_restart':          1       8'741        226      341        1        0
  'reduced_costs':          1       9'498      5'100       42      525        9
2025-11-02 10:15:41,626 | INFO | [phase1] Lp dimension                                                           Final dimension of first component
     'default_lp':  1175 rows, 6094 columns, 11487 entries with magnitude in [1.000000e+00, 1.000000e+00]
         'max_lp':  9587 rows, 7046 columns, 39064 entries with magnitude in [1.627423e-02, 1.000000e+00]
  'quick_restart':  1228 rows, 6094 columns, 12710 entries with magnitude in [1.000000e+00, 1.000000e+00]
  'reduced_costs':  2407 rows, 7046 columns, 15428 entries with magnitude in [5.451855e-03, 1.000000e+00]
2025-11-02 10:15:41,626 | INFO | [phase1] Lp debug            CutPropag  CutEqPropag  Adjust  Overflow     Bad  BadScaling
     'default_lp':          0            0     251         0  14'874           0
         'max_lp':          0            0       6         0  22'656           0
  'quick_restart':          0            0     286         0  13'557           0
  'reduced_costs':          1            0     562         0  28'146           0
2025-11-02 10:15:41,626 | INFO | [phase1] Lp pool             Constraints  Updates  Simplif  Merged  Shortened  Split  Strenghtened     Cuts/Call
     'default_lp':        4'760       20        4       0          0      1             8    367/13'232
         'max_lp':       13'222       92    7'460       0          0      0        12'717  3'735/13'124
  'quick_restart':        4'619        7        0       0          0      0             0    226/13'084
  'reduced_costs':       14'583       15   31'677       4          0      2        38'929  5'100/49'223
2025-11-02 10:15:41,626 | INFO | [phase1] Lp Cut              default_lp  max_lp  quick_restart  reduced_costs
            CG_FF:           7     746              5            755
             CG_K:           -     359              -            473
            CG_KL:           -       2              -              1
             CG_R:           5   1'285              1          1'146
            CG_RB:           -      58              1            366
           CG_RBP:           -     366              1            469
           Clique:           -       -              -              1
               IB:           -       -              2             49
         MIR_1_FF:           -     167              -            198
          MIR_1_K:           -       -              -             10
         MIR_1_KL:           -       -              -              1
          MIR_1_R:           -       -              -              7
         MIR_1_RB:           -       2              -             10
        MIR_1_RBP:           -       -              -              3
         MIR_2_FF:           -     160              -            197
          MIR_2_K:           -       4              -             12
          MIR_2_R:           -      32              -             76
         MIR_2_RB:           -       -              -             16
        MIR_2_RBP:           -       2              -              7
         MIR_3_FF:           -      95              -            153
          MIR_3_K:           -       4              -             53
          MIR_3_R:           -      26              -             64
         MIR_3_RB:           -       1              -              9
        MIR_3_RBP:           -       2              -              8
         MIR_4_FF:           -     105              -            100
          MIR_4_K:           -       1              -              6
          MIR_4_R:           -      14              -             38
         MIR_4_RB:           -       -              -              6
        MIR_4_RBP:           -       1              -              7
         MIR_5_FF:           -      35              -             44
          MIR_5_K:           -       1              -              1
          MIR_5_R:           -      13              -             22
         MIR_5_RB:           -       -              -              1
        MIR_5_RBP:           -       1              -              2
         MIR_6_FF:           -      13              -             31
          MIR_6_R:           -       2              -             14
         MIR_6_RB:           -       -              -              1
        MIR_6_RBP:           -       -              -              1
  PositiveProduct:           -       -              -              3
      SquareLower:           -       -              -             72
     ZERO_HALF_FF:         180     155            186            162
      ZERO_HALF_K:           -       5              -              7
      ZERO_HALF_R:         175      69             30            419
     ZERO_HALF_RB:           -       4              -             56
    ZERO_HALF_RBP:           -       5              -             23
2025-11-02 10:15:41,626 | INFO | [phase1] LNS stats           Improv/Calls  Closed  Difficulty  TimeLimit
  'graph_arc_lns':           3/6     50%        0.44       0.10
  'graph_cst_lns':           1/6     50%        0.56       0.10
  'graph_dec_lns':           3/6     67%        0.80       0.10
  'graph_var_lns':           1/6     50%        0.56       0.10
      'rins/rens':           5/7     57%        0.67       0.10
    'rnd_cst_lns':           2/6     67%        0.80       0.10
    'rnd_var_lns':           2/7     57%        0.73       0.10
2025-11-02 10:15:41,626 | INFO | [phase1] LS stats               Batches  Restarts  LinMoves  GenMoves  CompoundMoves  WeightUpdates
  'fj_short_default':        1         1         0     2'857          1'477              8
      'violation_ls':        7         0    19'758     3'811            112            347
2025-11-02 10:15:41,626 | INFO | [phase1] Solutions (24)         Num     Rank
              'core':    1    [6,6]
  'fj_short_default':    1    [1,1]
     'graph_arc_lns':    1  [15,15]
     'graph_cst_lns':    1    [5,5]
     'graph_dec_lns':    2  [16,23]
             'no_lp':    6   [7,12]
     'rens_pump_lns':    2  [17,22]
     'rins_pump_lns':    2  [13,24]
       'rnd_cst_lns':    2   [4,20]
       'rnd_var_lns':    2   [3,19]
      'violation_ls':    4   [2,21]
2025-11-02 10:15:41,626 | INFO | [phase1] Objective bounds     Num
      'default_lp':    6
  'initial_domain':    1
          'max_lp':    2
   'quick_restart':    1
2025-11-02 10:15:41,627 | INFO | [phase1] Solution repositories    Added  Queried  Ignored  Synchro
  'feasible solutions':     51      100        0       51
        'lp solutions':     22        2        0       22
                'pump':    104        5
2025-11-02 10:15:41,627 | INFO | [phase1] Improving bounds shared    Num
            'default_lp':   10
         'quick_restart':   10
         'reduced_costs':    1
2025-11-02 10:15:41,629 | INFO | [phase1] CpSolverResponse summary:
status: FEASIBLE
objective: 32
best_bound: 20
integers: 6632
booleans: 6417
conflicts: 0
branches: 13237
propagations: 115954
integer_propagations: 159349
restarts: 12838
lp_iterations: 4974
walltime: 30.0599
usertime: 30.0599
deterministic_time: 13.1929
gap_integral: 38.6716
solution_fingerprint: 0x5ad536a8c5127aee
2025-11-02 10:15:41,642 | INFO | Phase-1 status=FEASIBLE objective(U)=32.0
2025-11-02 10:15:41,642 | INFO | 32.0
2025-11-02 10:15:41,650 | INFO | Phase-1 slacks enforced (feasible solution found)
2025-11-02 10:15:42,723 | INFO | [wk_pen_count_0(0..4), wk_pen_count_1(0..4), wk_pen_count_2(0..4), wk_pen_count_3(0..4), wk_pen_count_4(0..4), wk_pen_count_5(0..4), wk_pen_count_6(0..4), wk_pen_count_7(0..4), wk_pen_count_8(0..4), wk_pen_count_9(0..4), wk_pen_count_10(0..4), wk_pen_count_11(0..4), wk_pen_count_12(0..4), wk_pen_count_13(0..4), wk_pen_count_14(0..4), wk_pen_count_15(0..4), wk_pen_count_16(0..4), wk_pen_count_17(0..4), wk_pen_count_18(0..4)]
2025-11-02 10:15:42,725 | INFO | Model built: |S|=308 |P|=19 |D|=31
2025-11-02 10:15:42,725 | INFO | Time budget total=1.00s split: phase1=0.60s phase2=20.00s
2025-11-02 10:15:42,725 | INFO | Phase-2 solve: time=20.0s workers=1 rgap=1e-05 seed=4
2025-11-02 10:15:42,726 | INFO | Diversity threshold L=1, K=2
2025-11-02 10:15:42,777 | INFO | [phase2] 
2025-11-02 10:15:42,778 | INFO | [phase2] Starting CP-SAT solver v9.8.3296
2025-11-02 10:15:42,778 | INFO | [phase2] Parameters: random_seed: 4 max_time_in_seconds: 20 log_search_progress: true num_search_workers: 1 relative_gap_limit: 1e-05 use_absl_random: true log_to_stdout: false
2025-11-02 10:15:42,790 | INFO | [phase2] 
2025-11-02 10:15:42,797 | INFO | [phase2] Initial optimization model '': (model_fingerprint: 0xd4b2fabda68eca88)
#Variables: 16'929 (#ints: 1 in objective)
  - 13'885 Booleans in [0,1]
  - 19 in [-31,31]
  - 76 in [-1,1]
  - 19 in [0,4]
  - 38 in [0,30]
  - 1'406 in [0,31]
  - 19 in [0,40]
  - 95 in [0,308]
  - 589 in [0,961]
  - 76 in [0,1000]
  - 608 in [0,29791]
  - 19 in [0,100000]
  - 57 in [0,189728]
  - 19 in [0,1000000000000000]
  - 2 in [0,1000000000000000000]
  - 2 constants in {0} 
#kAtMostOne: 45'334 (#literals: 90'668)
#kIntProd: 1'235
#kLinMax: 114 (#expressions: 779)
#kLinear1: 4'533 (#enforced: 1'767 #multi: 570)
#kLinear2: 25'653 (#enforced: 1'159 #multi: 570)
#kLinear3: 6'329
#kLinearN: 1'862 (#terms: 57'550)
2025-11-02 10:15:42,797 | INFO | [phase2] 
2025-11-02 10:15:42,797 | INFO | [phase2] Starting presolve at 0.02s
2025-11-02 10:15:43,028 | INFO | [phase2]   9.76e-03s  0.00e+00d  [DetectDominanceRelations]
2025-11-02 10:15:43,030 | INFO | [phase2]   1.78e-01s  0.00e+00d  [PresolveToFixPoint] #num_loops=3 #num_dual_strengthening=1
2025-11-02 10:15:43,032 | INFO | [phase2]   2.09e-03s  0.00e+00d  [ExtractEncodingFromLinear] #potential_supersets=11'191 #potential_subsets=69
2025-11-02 10:15:43,053 | INFO | [phase2] [SAT presolve] num removable Booleans: 329 / 6380
2025-11-02 10:15:43,053 | INFO | [phase2] [SAT presolve] num trivial clauses: 0
2025-11-02 10:15:43,053 | INFO | [phase2] [SAT presolve] [0s] clauses:14311 literals:35705 vars:6274 one_side_vars:0 simple_definition:3305 singleton_clauses:0
2025-11-02 10:15:43,055 | INFO | [phase2] [SAT presolve] [0.00202089s] clauses:14300 literals:35533 vars:6274 one_side_vars:5 simple_definition:3301 singleton_clauses:0
2025-11-02 10:15:43,056 | INFO | [phase2] [SAT presolve] [0.00336578s] clauses:12024 literals:29373 vars:5945 one_side_vars:0 simple_definition:3013 singleton_clauses:0
2025-11-02 10:15:43,276 | INFO | [phase2]   2.12e-01s  6.78e-02d  [Probe] #probed=15'246 #fixed_bools=62 #new_bounds=1'207 #equiv=525 #new_binary_clauses=2'289
2025-11-02 10:15:43,382 | INFO | [phase2]   1.05e-01s  0.00e+00d  [MaxClique] Merged 19774(39548 literals) into 15694(93339 literals) at_most_ones.
2025-11-02 10:15:43,433 | INFO | [phase2]   1.43e-02s  0.00e+00d  [DetectDominanceRelations]
2025-11-02 10:15:43,435 | INFO | [phase2]   4.95e-02s  0.00e+00d  [PresolveToFixPoint] #num_loops=2 #num_dual_strengthening=1
2025-11-02 10:15:43,450 | INFO | [phase2]   1.45e-02s  0.00e+00d  [DetectDuplicateConstraints] #duplicates=127
2025-11-02 10:15:43,451 | INFO | [phase2]   1.29e-03s  0.00e+00d  [DetectDifferentVariables]
2025-11-02 10:15:43,454 | INFO | [phase2]   2.43e-03s  5.20e-05d  [DetectDominatedLinearConstraints] #relevant_constraints=145 #num_inclusions=38 #num_redundant=4
2025-11-02 10:15:43,482 | INFO | [phase2]   2.75e-02s  5.20e-04d  [ProcessSetPPC] #relevant_constraints=18'080 #num_inclusions=3'090
2025-11-02 10:15:43,483 | INFO | [phase2]   1.40e-03s  0.00e+00d  [FindAlmostIdenticalLinearConstraints]
2025-11-02 10:15:43,486 | INFO | [phase2]   2.57e-03s  1.10e-03d  [FindBigHorizontalLinearOverlap] #blocks=13 #saved_nz=3'637 #linears=90
2025-11-02 10:15:43,490 | INFO | [phase2]   3.29e-03s  4.88e-03d  [FindBigVerticalLinearOverlap]
2025-11-02 10:15:43,493 | INFO | [phase2]   3.37e-03s  5.20e-05d  [MergeClauses]
2025-11-02 10:15:43,537 | INFO | [phase2]   1.39e-02s  0.00e+00d  [DetectDominanceRelations]
2025-11-02 10:15:43,539 | INFO | [phase2]   4.19e-02s  0.00e+00d  [PresolveToFixPoint] #num_loops=2 #num_dual_strengthening=1
2025-11-02 10:15:43,577 | INFO | [phase2]   1.35e-02s  0.00e+00d  [DetectDominanceRelations]
2025-11-02 10:15:43,578 | INFO | [phase2]   3.90e-02s  0.00e+00d  [PresolveToFixPoint] #num_loops=1 #num_dual_strengthening=1
2025-11-02 10:15:43,589 | INFO | [phase2] [SAT presolve] num removable Booleans: 112 / 5669
2025-11-02 10:15:43,589 | INFO | [phase2] [SAT presolve] num trivial clauses: 0
2025-11-02 10:15:43,589 | INFO | [phase2] [SAT presolve] [0s] clauses:6147 literals:16844 vars:5531 one_side_vars:438 simple_definition:4509 singleton_clauses:0
2025-11-02 10:15:43,590 | INFO | [phase2] [SAT presolve] [0.00103198s] clauses:6138 literals:16713 vars:5531 one_side_vars:438 simple_definition:4568 singleton_clauses:0
2025-11-02 10:15:43,591 | INFO | [phase2] [SAT presolve] [0.00175454s] clauses:5861 literals:16159 vars:5419 one_side_vars:438 simple_definition:4519 singleton_clauses:0
2025-11-02 10:15:43,805 | INFO | [phase2]   2.10e-01s  6.43e-02d  [Probe] #probed=15'420 #new_bounds=826 #equiv=95 #new_binary_clauses=1'343
2025-11-02 10:15:43,915 | INFO | [phase2]   1.10e-01s  0.00e+00d  [MaxClique] Merged 14812(86304 literals) into 14769(91199 literals) at_most_ones.
2025-11-02 10:15:43,959 | INFO | [phase2]   1.09e-02s  0.00e+00d  [DetectDominanceRelations]
2025-11-02 10:15:43,960 | INFO | [phase2]   4.05e-02s  0.00e+00d  [PresolveToFixPoint] #num_loops=2 #num_dual_strengthening=1
2025-11-02 10:15:43,975 | INFO | [phase2]   1.44e-02s  0.00e+00d  [DetectDuplicateConstraints]
2025-11-02 10:15:43,977 | INFO | [phase2]   1.64e-03s  0.00e+00d  [DetectDifferentVariables]
2025-11-02 10:15:43,979 | INFO | [phase2]   2.43e-03s  2.36e-05d  [DetectDominatedLinearConstraints] #relevant_constraints=95 #num_inclusions=11
2025-11-02 10:15:44,005 | INFO | [phase2]   2.57e-02s  4.55e-04d  [ProcessSetPPC] #relevant_constraints=17'881 #num_inclusions=3'000
2025-11-02 10:15:44,007 | INFO | [phase2]   1.58e-03s  2.33e-06d  [FindAlmostIdenticalLinearConstraints] #num_tested_pairs=3
2025-11-02 10:15:44,009 | INFO | [phase2]   1.93e-03s  1.42e-03d  [FindBigHorizontalLinearOverlap] #linears=67
2025-11-02 10:15:44,013 | INFO | [phase2]   3.16e-03s  4.87e-03d  [FindBigVerticalLinearOverlap]
2025-11-02 10:15:44,017 | INFO | [phase2]   3.67e-03s  5.03e-05d  [MergeClauses]
2025-11-02 10:15:44,060 | INFO | [phase2]   1.51e-02s  0.00e+00d  [DetectDominanceRelations]
2025-11-02 10:15:44,062 | INFO | [phase2]   4.12e-02s  0.00e+00d  [PresolveToFixPoint] #num_loops=1 #num_dual_strengthening=1
2025-11-02 10:15:44,101 | INFO | [phase2]   1.45e-02s  0.00e+00d  [DetectDominanceRelations]
2025-11-02 10:15:44,103 | INFO | [phase2]   4.06e-02s  0.00e+00d  [PresolveToFixPoint] #num_loops=1 #num_dual_strengthening=1
2025-11-02 10:15:44,114 | INFO | [phase2] [SAT presolve] num removable Booleans: 0 / 5462
2025-11-02 10:15:44,114 | INFO | [phase2] [SAT presolve] num trivial clauses: 0
2025-11-02 10:15:44,114 | INFO | [phase2] [SAT presolve] [0s] clauses:5625 literals:15646 vars:5312 one_side_vars:440 simple_definition:4536 singleton_clauses:0
2025-11-02 10:15:44,115 | INFO | [phase2] [SAT presolve] [0.000973321s] clauses:5625 literals:15646 vars:5312 one_side_vars:440 simple_definition:4536 singleton_clauses:0
2025-11-02 10:15:44,115 | INFO | [phase2] [SAT presolve] [0.00148341s] clauses:5625 literals:15646 vars:5312 one_side_vars:440 simple_definition:4536 singleton_clauses:0
2025-11-02 10:15:44,329 | INFO | [phase2]   2.10e-01s  6.35e-02d  [Probe] #probed=15'420 #new_binary_clauses=1'296
2025-11-02 10:15:44,442 | INFO | [phase2]   1.13e-01s  0.00e+00d  [MaxClique] Merged 14618(85921 literals) into 14618(90895 literals) at_most_ones.
2025-11-02 10:15:44,489 | INFO | [phase2]   1.62e-02s  0.00e+00d  [DetectDominanceRelations]
2025-11-02 10:15:44,491 | INFO | [phase2]   4.39e-02s  0.00e+00d  [PresolveToFixPoint] #num_loops=1 #num_dual_strengthening=1
2025-11-02 10:15:44,506 | INFO | [phase2]   1.41e-02s  0.00e+00d  [DetectDuplicateConstraints]
2025-11-02 10:15:44,507 | INFO | [phase2]   1.74e-03s  0.00e+00d  [DetectDifferentVariables]
2025-11-02 10:15:44,510 | INFO | [phase2]   2.55e-03s  2.36e-05d  [DetectDominatedLinearConstraints] #relevant_constraints=95 #num_inclusions=11
2025-11-02 10:15:44,536 | INFO | [phase2]   2.58e-02s  4.55e-04d  [ProcessSetPPC] #relevant_constraints=17'879 #num_inclusions=2'998
2025-11-02 10:15:44,538 | INFO | [phase2]   1.80e-03s  3.16e-06d  [FindAlmostIdenticalLinearConstraints] #num_tested_pairs=4
2025-11-02 10:15:44,541 | INFO | [phase2]   2.21e-03s  1.42e-03d  [FindBigHorizontalLinearOverlap] #linears=67
2025-11-02 10:15:44,545 | INFO | [phase2]   3.60e-03s  4.87e-03d  [FindBigVerticalLinearOverlap]
2025-11-02 10:15:44,549 | INFO | [phase2]   4.24e-03s  5.03e-05d  [MergeClauses]
2025-11-02 10:15:44,594 | INFO | [phase2]   1.59e-02s  0.00e+00d  [DetectDominanceRelations]
2025-11-02 10:15:44,596 | INFO | [phase2]   4.26e-02s  0.00e+00d  [PresolveToFixPoint] #num_loops=1 #num_dual_strengthening=1
2025-11-02 10:15:44,603 | INFO | [phase2]   4.56e-03s  0.00e+00d  [ExpandObjective] #entries=27'603 #tight_variables=2'968 #tight_constraints=415 #expands=31
2025-11-02 10:15:44,618 | INFO | [phase2] 
2025-11-02 10:15:44,618 | INFO | [phase2] Presolve summary:
2025-11-02 10:15:44,618 | INFO | [phase2]   - 817 affine relations were detected.
2025-11-02 10:15:44,619 | INFO | [phase2]   - rule 'TODO dual: only one blocking constraint?' was applied 2'026 times.
2025-11-02 10:15:44,619 | INFO | [phase2]   - rule 'TODO dual: only one unspecified blocking constraint?' was applied 322 times.
2025-11-02 10:15:44,619 | INFO | [phase2]   - rule 'TODO linear2: contains a Boolean.' was applied 30'278 times.
2025-11-02 10:15:44,619 | INFO | [phase2]   - rule 'affine: new relation' was applied 817 times.
2025-11-02 10:15:44,619 | INFO | [phase2]   - rule 'at_most_one: empty or all false' was applied 10'701 times.
2025-11-02 10:15:44,619 | INFO | [phase2]   - rule 'at_most_one: removed literals' was applied 34'745 times.
2025-11-02 10:15:44,619 | INFO | [phase2]   - rule 'at_most_one: satisfied' was applied 29 times.
2025-11-02 10:15:44,619 | INFO | [phase2]   - rule 'at_most_one: size one' was applied 24'044 times.
2025-11-02 10:15:44,619 | INFO | [phase2]   - rule 'at_most_one: transformed into max clique.' was applied 2 times.
2025-11-02 10:15:44,619 | INFO | [phase2]   - rule 'bool_and: fixed literals' was applied 52 times.
2025-11-02 10:15:44,619 | INFO | [phase2]   - rule 'bool_and: non-reified.' was applied 1'136 times.
2025-11-02 10:15:44,619 | INFO | [phase2]   - rule 'bool_and: removed duplicate literal' was applied 52 times.
2025-11-02 10:15:44,619 | INFO | [phase2]   - rule 'bool_or: always true' was applied 1'350 times.
2025-11-02 10:15:44,619 | INFO | [phase2]   - rule 'bool_or: fixed literals' was applied 9 times.
2025-11-02 10:15:44,619 | INFO | [phase2]   - rule 'bool_or: implications' was applied 15'467 times.
2025-11-02 10:15:44,619 | INFO | [phase2]   - rule 'bool_or: only one literal' was applied 211 times.
2025-11-02 10:15:44,619 | INFO | [phase2]   - rule 'bool_or: removed enforcement literal' was applied 102 times.
2025-11-02 10:15:44,619 | INFO | [phase2]   - rule 'bool_or: singleton' was applied 109 times.
2025-11-02 10:15:44,619 | INFO | [phase2]   - rule 'deductions: 1694 stored' was applied 1 time.
2025-11-02 10:15:44,619 | INFO | [phase2]   - rule 'duplicate: merged rhs of linear constraint' was applied 27 times.
2025-11-02 10:15:44,619 | INFO | [phase2]   - rule 'duplicate: removed constraint' was applied 127 times.
2025-11-02 10:15:44,619 | INFO | [phase2]   - rule 'enforcement: false literal' was applied 3'652 times.
2025-11-02 10:15:44,620 | INFO | [phase2]   - rule 'enforcement: true literal' was applied 1'509 times.
2025-11-02 10:15:44,620 | INFO | [phase2]   - rule 'exactly_one: removed literals' was applied 303 times.
2025-11-02 10:15:44,620 | INFO | [phase2]   - rule 'exactly_one: singleton' was applied 2 times.
2025-11-02 10:15:44,620 | INFO | [phase2]   - rule 'exactly_one: x and not(x)' was applied 19 times.
2025-11-02 10:15:44,620 | INFO | [phase2]   - rule 'int_prod: all Boolean.' was applied 104 times.
2025-11-02 10:15:44,620 | INFO | [phase2]   - rule 'int_prod: constant product' was applied 328 times.
2025-11-02 10:15:44,620 | INFO | [phase2]   - rule 'int_prod: divide product by constant factor' was applied 4 times.
2025-11-02 10:15:44,620 | INFO | [phase2]   - rule 'int_prod: removed constant expressions.' was applied 656 times.
2025-11-02 10:15:44,620 | INFO | [phase2]   - rule 'int_square: reduced target domain.' was applied 688 times.
2025-11-02 10:15:44,620 | INFO | [phase2]   - rule 'lin_max: converted to equality' was applied 29 times.
2025-11-02 10:15:44,620 | INFO | [phase2]   - rule 'lin_max: reduced expression domain.' was applied 341 times.
2025-11-02 10:15:44,620 | INFO | [phase2]   - rule 'lin_max: removed exprs' was applied 47 times.
2025-11-02 10:15:44,620 | INFO | [phase2]   - rule 'lin_max: rewrite with precedences' was applied 46 times.
2025-11-02 10:15:44,620 | INFO | [phase2]   - rule 'lin_max: target domain reduced' was applied 26 times.
2025-11-02 10:15:44,620 | INFO | [phase2]   - rule 'lin_max: unused affine target' was applied 8 times.
2025-11-02 10:15:44,620 | INFO | [phase2]   - rule 'lin_max: x = max(x, ...)' was applied 16 times.
2025-11-02 10:15:44,620 | INFO | [phase2]   - rule 'linear inclusion: redundant containing constraint' was applied 4 times.
2025-11-02 10:15:44,620 | INFO | [phase2]   - rule 'linear matrix: common horizontal rectangle' was applied 13 times.
2025-11-02 10:15:44,620 | INFO | [phase2]   - rule 'linear1: always true' was applied 24 times.
2025-11-02 10:15:44,620 | INFO | [phase2]   - rule 'linear: always true' was applied 9'218 times.
2025-11-02 10:15:44,620 | INFO | [phase2]   - rule 'linear: divide by GCD' was applied 6 times.
2025-11-02 10:15:44,620 | INFO | [phase2]   - rule 'linear: doubleton free' was applied 19 times.
2025-11-02 10:15:44,620 | INFO | [phase2]   - rule 'linear: empty' was applied 5'480 times.
2025-11-02 10:15:44,620 | INFO | [phase2]   - rule 'linear: enforcement literal in expression' was applied 41 times.
2025-11-02 10:15:44,620 | INFO | [phase2]   - rule 'linear: fixed or dup variables' was applied 19'776 times.
2025-11-02 10:15:44,620 | INFO | [phase2]   - rule 'linear: negative clause' was applied 11'754 times.
2025-11-02 10:15:44,621 | INFO | [phase2]   - rule 'linear: positive clause' was applied 8'627 times.
2025-11-02 10:15:44,621 | INFO | [phase2]   - rule 'linear: positive equal one' was applied 307 times.
2025-11-02 10:15:44,621 | INFO | [phase2]   - rule 'linear: reduced variable domains' was applied 5'580 times.
2025-11-02 10:15:44,621 | INFO | [phase2]   - rule 'linear: reduced variable domains in derived constraint' was applied 23 times.
2025-11-02 10:15:44,621 | INFO | [phase2]   - rule 'linear: remapped using affine relations' was applied 374 times.
2025-11-02 10:15:44,621 | INFO | [phase2]   - rule 'linear: simplified rhs' was applied 22'739 times.
2025-11-02 10:15:44,621 | INFO | [phase2]   - rule 'linear: singleton column' was applied 18 times.
2025-11-02 10:15:44,621 | INFO | [phase2]   - rule 'linear: small Boolean expression' was applied 51 times.
2025-11-02 10:15:44,621 | INFO | [phase2]   - rule 'linear: variable substitution 0' was applied 2 times.
2025-11-02 10:15:44,621 | INFO | [phase2]   - rule 'linear: variable substitution 1' was applied 201 times.
2025-11-02 10:15:44,621 | INFO | [phase2]   - rule 'objective: expanded via tight equality' was applied 31 times.
2025-11-02 10:15:44,621 | INFO | [phase2]   - rule 'objective: shifted cost with exactly ones' was applied 12 times.
2025-11-02 10:15:44,621 | INFO | [phase2]   - rule 'presolve: 8874 unused variables removed.' was applied 1 time.
2025-11-02 10:15:44,621 | INFO | [phase2]   - rule 'presolve: iteration' was applied 3 times.
2025-11-02 10:15:44,621 | INFO | [phase2]   - rule 'probing: bool_or reduced to implication' was applied 196 times.
2025-11-02 10:15:44,621 | INFO | [phase2]   - rule 'probing: simplified clauses.' was applied 24 times.
2025-11-02 10:15:44,621 | INFO | [phase2]   - rule 'setppc: bool_or in at_most_one.' was applied 65 times.
2025-11-02 10:15:44,621 | INFO | [phase2]   - rule 'setppc: exactly_one included in linear' was applied 3 times.
2025-11-02 10:15:44,621 | INFO | [phase2]   - rule 'setppc: reduced linear coefficients' was applied 3 times.
2025-11-02 10:15:44,621 | INFO | [phase2]   - rule 'setppc: removed dominated constraints' was applied 8 times.
2025-11-02 10:15:44,621 | INFO | [phase2]   - rule 'variables with 2 values: create encoding literal' was applied 7 times.
2025-11-02 10:15:44,621 | INFO | [phase2]   - rule 'variables with 2 values: new affine relation' was applied 7 times.
2025-11-02 10:15:44,621 | INFO | [phase2]   - rule 'variables: detect half reified value encoding' was applied 1'267 times.
2025-11-02 10:15:44,626 | INFO | [phase2] 
2025-11-02 10:15:44,628 | INFO | [phase2] Presolved optimization model '': (model_fingerprint: 0xafb3a338e5ca8d7e)
#Variables: 7'057 (#bools: 121 #ints: 430 in objective)
  - 5'406 Booleans in [0,1]
  - 162 different domains in [-20,94864] with a largest complexity of 60.
#kAtMostOne: 11'830 (#literals: 80'345)
#kBoolAnd: 2'788 (#enforced: 2'788) (#literals: 5'576)
#kBoolOr: 2'837 (#literals: 10'070)
#kExactlyOne: 366 (#literals: 2'914)
#kIntProd: 803
#kLinMax: 15 (#expressions: 220)
#kLinear1: 1'160 (#enforced: 1'160 #multi: 413)
#kLinear2: 729 (#enforced: 706 #multi: 331)
#kLinear3: 4
#kLinearN: 68 (#terms: 6'322)
2025-11-02 10:15:44,639 | INFO | [phase2] 
2025-11-02 10:15:44,640 | INFO | [phase2] Preloading model.
2025-11-02 10:15:44,640 | INFO | [phase2] #Bound   1.86s best:inf   next:[11605000,1.89885793e+10] initial_domain
2025-11-02 10:15:44,641 | INFO | [phase2] 
2025-11-02 10:15:44,641 | INFO | [phase2] Starting to load the model at 1.86s
2025-11-02 10:15:44,648 | INFO | [phase2] [Encoding] 0 literals associated to VAR >= value, and 747 half-associations.
2025-11-02 10:15:44,649 | INFO | [phase2] [Encoding] num_partially_encoded_variables:747
2025-11-02 10:15:44,672 | INFO | [phase2] [Precedences] Added 2 GreaterThanAtLeastOneOf() constraints.
2025-11-02 10:15:44,833 | INFO | [phase2] [Probing] deterministic_time: 0.0608994 (limit: 1) wall_time: 0.161328 (6525/6525)
2025-11-02 10:15:44,833 | INFO | [phase2] [Probing]  - new binary clause: 1296
2025-11-02 10:15:44,859 | INFO | [phase2] [EncodingLinearRelaxation] #tight_equality:0 #loose_equality:0 #inequality:747
2025-11-02 10:15:44,859 | INFO | [phase2] [LinearRelaxationBeforeCliqueExpansion] #linear:3442 #at_most_ones:11857
2025-11-02 10:15:44,942 | INFO | [phase2] [FinalLinearRelaxation] #linear:13756 #cut_generators:803
2025-11-02 10:15:44,957 | INFO | [phase2] Initial num_bool: 6525
2025-11-02 10:15:44,972 | INFO | [phase2] 
2025-11-02 10:15:44,972 | INFO | [phase2] Starting sequential search at 2.19s
2025-11-02 10:15:44,992 | INFO | [phase2] #Bound   2.22s best:inf   next:[21605000,1.89885793e+10]
2025-11-02 10:15:45,014 | INFO | [phase2] #Bound   2.24s best:inf   next:[21625000,1.89885793e+10]
2025-11-02 10:15:45,038 | INFO | [phase2] #Bound   2.26s best:inf   next:[21772500,1.89885793e+10]
2025-11-02 10:15:45,136 | INFO | [phase2] #Bound   2.36s best:inf   next:[22535000,1.89885793e+10]
2025-11-02 10:15:45,251 | INFO | [phase2] #Bound   2.47s best:inf   next:[23272520,1.89885793e+10]
2025-11-02 10:15:45,411 | INFO | [phase2] #Bound   2.63s best:inf   next:[23372540,1.89885793e+10]
2025-11-02 10:15:45,675 | INFO | [phase2] #Bound   2.90s best:inf   next:[23532510,1.89885793e+10]
2025-11-02 10:15:46,376 | INFO | [phase2] #Bound   3.60s best:inf   next:[23690030,1.89885793e+10]
2025-11-02 10:15:47,124 | INFO | [phase2] #Bound   4.35s best:inf   next:[23843380,1.89885793e+10]
2025-11-02 10:15:47,996 | INFO | [phase2] #Bound   5.22s best:inf   next:[23895020,1.89885793e+10]
2025-11-02 10:15:48,673 | INFO | [phase2] #Bound   5.90s best:inf   next:[23934970,1.89885793e+10]
2025-11-02 10:15:49,556 | INFO | [phase2] #Bound   6.78s best:inf   next:[23948100,1.89885793e+10]
2025-11-02 10:15:50,261 | INFO | [phase2] #Bound   7.48s best:inf   next:[23977510,1.89885793e+10]
2025-11-02 10:15:51,388 | INFO | [phase2] #Bound   8.61s best:inf   next:[23985010,1.89885793e+10]
2025-11-02 10:15:52,468 | INFO | [phase2] #Bound   9.69s best:inf   next:[23988230,1.89885793e+10]
2025-11-02 10:15:53,479 | INFO | [phase2] #Bound  10.70s best:inf   next:[23988340,1.89885793e+10]
2025-11-02 10:15:54,192 | INFO | [phase2] #Bound  11.41s best:inf   next:[23990010,1.89885793e+10]
2025-11-02 10:15:54,905 | INFO | [phase2] #Bound  12.13s best:inf   next:[24004980,1.89885793e+10]
2025-11-02 10:15:55,765 | INFO | [phase2] #Bound  12.99s best:inf   next:[24035930,1.89885793e+10]
2025-11-02 10:15:57,141 | INFO | [phase2] #Bound  14.36s best:inf   next:[24069550,1.89885793e+10]
2025-11-02 10:15:57,961 | INFO | [phase2] #Bound  15.18s best:inf   next:[24106070,1.89885793e+10]
2025-11-02 10:15:58,582 | INFO | [phase2] #Bound  15.80s best:inf   next:[24159180,1.89885793e+10]
2025-11-02 10:15:59,408 | INFO | [phase2] #Bound  16.63s best:inf   next:[24188190,1.89885793e+10]
2025-11-02 10:16:00,048 | INFO | [phase2] #Bound  17.27s best:inf   next:[24210780,1.89885793e+10]
2025-11-02 10:16:01,179 | INFO | [phase2] #Bound  18.40s best:inf   next:[24256620,1.89885793e+10]
2025-11-02 10:16:01,750 | INFO | [phase2] #Bound  18.97s best:inf   next:[24295900,1.89885793e+10]
2025-11-02 10:16:02,243 | INFO | [phase2] #Bound  19.47s best:inf   next:[24365740,1.89885793e+10]
2025-11-02 10:16:02,778 | INFO | [phase2] #Bound  20.00s best:inf   next:[24432760,1.89885793e+10]
2025-11-02 10:16:02,778 | INFO | [phase2] 
2025-11-02 10:16:02,779 | INFO | [phase2] Search stats    Bools  Conflicts  Branches  Restarts  BoolPropag  IntegerPropag
    'default':  6'525          0    13'082    13'075     195'688        267'753
2025-11-02 10:16:02,779 | INFO | [phase2] Lp stats      Component  Iterations  AddedCuts  OPTIMAL  DUAL_F.  DUAL_U.
  'default':          5      17'689      5'171      227        7        0
2025-11-02 10:16:02,779 | INFO | [phase2] Lp dimension                                                       Final dimension of first component
    'default':  3238 rows, 6055 columns, 32722 entries with magnitude in [1.418377e-05, 1.000000e+00]
2025-11-02 10:16:02,779 | INFO | [phase2] Lp debug      CutPropag  CutEqPropag  Adjust  Overflow      Bad  BadScaling
  'default':          9           25     113         0  116'740           0
2025-11-02 10:16:02,779 | INFO | [phase2] Lp pool       Constraints  Updates  Simplif  Merged  Shortened  Split  Strenghtened     Cuts/Call
  'default':       18'927      278    1'832       0        532     37         1'245  5'171/36'102
2025-11-02 10:16:02,779 | INFO | [phase2] Lp Cut           default
         CG_FF:      645
          CG_K:      175
         CG_KL:       10
          CG_R:      953
         CG_RB:      167
        CG_RBP:        1
            IB:      789
      MIR_1_FF:        3
       MIR_1_K:       23
       MIR_1_R:       16
      MIR_1_RB:        6
      MIR_2_FF:        4
       MIR_2_K:        7
       MIR_2_R:       28
      MIR_3_FF:        1
       MIR_3_K:        8
       MIR_3_R:       16
     MIR_3_RBP:        1
      MIR_4_FF:        4
       MIR_4_K:       15
       MIR_4_R:       15
     MIR_4_RBP:        1
      MIR_5_FF:        2
       MIR_5_K:       14
       MIR_5_R:       12
      MIR_6_FF:        3
       MIR_6_K:       13
       MIR_6_R:       10
   SquareLower:      121
  ZERO_HALF_FF:    1'372
   ZERO_HALF_K:        4
   ZERO_HALF_R:      732
2025-11-02 10:16:02,788 | INFO | [phase2] CpSolverResponse summary:
status: UNKNOWN
objective: 18988579300
best_bound: 24432760
integers: 6701
booleans: 6525
conflicts: 0
branches: 13082
propagations: 195688
integer_propagations: 267753
restarts: 13075
lp_iterations: 17689
walltime: 20.0103
usertime: 20.0103
deterministic_time: 2.79304
gap_integral: 60.9904
2025-11-02 10:16:02,810 | INFO | Phase-2 status=UNKNOWN
2025-11-02 10:16:02,810 | INFO | Phase-2 best objective=18988579300.0 best bound=24432760.0
2025-11-02 10:16:02,810 | INFO | Pool collected=0
2025-11-02 10:16:02,810 | WARNING | Phase-2 failed with status UNKNOWN and no solutions collected. Attempting partial solution...
2025-11-02 10:16:02,810 | ERROR | Failed to extract partial solution: 'CpSolver' object has no attribute 'BestResponse'
Traceback (most recent call last):
  File "/var/task/testcase_gui.py", line 1682, in solve_two_phase
    if solver2.BestResponse() and solver2.SufficientlyOptimal():
       ^^^^^^^^^^^^^^^^^^^^
AttributeError: 'CpSolver' object has no attribute 'BestResponse'
2025-11-02 10:16:02,813 | INFO | Selected tables=0 (requested K=2)
2025-11-02 10:16:02,831 | INFO | Wrote: Result_1/schedules.xlsx
2025-11-02 10:16:02,831 | INFO | Wrote: Result_1/hospital_schedule.xlsx
2025-11-02 10:16:02,831 | INFO | Wrote: Result_1/calendar.xlsx
2025-11-02 10:16:02,831 | INFO | Wrote: Result_1/eligibility_capacity.json
2025-11-02 10:16:02,831 | INFO | Wrote grid: Result_1/schedules.xlsx
2025-11-02 10:16:02,831 | INFO | Wrote hospital: Result_1/hospital_schedule.xlsx
2025-11-02 10:16:02,831 | INFO | Wrote calendar: Result_1/calendar.xlsx
2025-11-02 10:16:02,831 | INFO | Wrote run meta: Result_1/scheduler_log_20251102_101510.json
2025-11-02 10:16:02,831 | INFO | ===== SCHEDULER RUN COMPLETE 20251102_101510 =====
2025-11-02 10:16:02,831 | INFO | Running diagnosis on schedule: Result_1/hospital_schedule.xlsx
2025-11-02 10:16:02,838 | ERROR | Diagnosis failed: No suitable worksheets in Result_1/hospital_schedule.xlsx. Need headers: ShiftID & Provider/Assignee. Sheets present: [Hospital_1]
2025-11-02 10:16:02,840 | INFO | [SOLVER] Solver completed. Generated 0 solution(s)
2025-11-02 10:16:02,840 | INFO | [INFO] Contents of /tmp/solver_work_z6nobvnq: ['Result_1']
